#
# There is insufficient memory for the Java Runtime Environment to continue.
# Native memory allocation (malloc) failed to allocate 187984 bytes for Chunk::new
# Possible reasons:
#   The system is out of physical RAM or swap space
#   The process is running with CompressedOops enabled, and the Java Heap may be blocking the growth of the native heap
# Possible solutions:
#   Reduce memory load on the system
#   Increase physical memory or swap space
#   Check if swap backing store is full
#   Decrease Java heap size (-Xmx/-Xms)
#   Decrease number of Java threads
#   Decrease Java thread stack sizes (-Xss)
#   Set larger code cache with -XX:ReservedCodeCacheSize=
#   JVM is running with Unscaled Compressed Oops mode in which the Java heap is
#     placed in the first 4GB address space. The Java Heap base address is the
#     maximum limit for the native heap growth. Please use -XX:HeapBaseMinAddress
#     to set the Java Heap base and to place the Java Heap above 4GB virtual address.
# This output file may be truncated or incomplete.
#
#  Out of Memory Error (allocation.cpp:389), pid=7672, tid=0x00000000000062c0
#
# JRE version: OpenJDK Runtime Environment (8.0_242-b01) (build 1.8.0_242-release-1644-b01)
# Java VM: OpenJDK 64-Bit Server VM (25.242-b01 mixed mode windows-amd64 compressed oops)
# Failed to write core dump. Minidumps are not enabled by default on client versions of Windows
#

---------------  T H R E A D  ---------------

Current thread (0x0000000017ba9800):  JavaThread "C2 CompilerThread0" daemon [_thread_in_native, id=25280, stack(0x00000000190f0000,0x00000000191f0000)]

Stack: [0x00000000190f0000,0x00000000191f0000]
[error occurred during error reporting (printing stack bounds), id 0xc0000005]

Native frames: (J=compiled Java code, j=interpreted, Vv=VM code, C=native code)


Current CompileTask:
C2:  18550 8531       4       com.sun.org.apache.xerces.internal.impl.XMLNSDocumentScannerImpl::scanStartElement (1026 bytes)


---------------  P R O C E S S  ---------------

Java Threads: ( => current thread )
  0x0000000019a87000 JavaThread "stdout" [_thread_in_native, id=32728, stack(0x0000000025d30000,0x0000000025e30000)]
  0x0000000019a87800 JavaThread "stderr" [_thread_in_native, id=33136, stack(0x0000000025c30000,0x0000000025d30000)]
  0x0000000019a81000 JavaThread "stdout" [_thread_in_native, id=8884, stack(0x0000000025b30000,0x0000000025c30000)]
  0x0000000019a81800 JavaThread "stderr" [_thread_in_native, id=13544, stack(0x0000000025a30000,0x0000000025b30000)]
  0x000000001dfe8800 JavaThread "stdout" [_thread_in_native, id=33520, stack(0x0000000025930000,0x0000000025a30000)]
  0x000000001dfe7000 JavaThread "stderr" [_thread_in_native, id=5984, stack(0x0000000025730000,0x0000000025830000)]
  0x000000001dfe7800 JavaThread "pool-4-thread-1" [_thread_blocked, id=35444, stack(0x0000000025830000,0x0000000025930000)]
  0x000000001dfea800 JavaThread "WorkerExecutor Queue" [_thread_blocked, id=26288, stack(0x00000000251d0000,0x00000000252d0000)]
  0x000000001dfea000 JavaThread "Cache worker for execution history cache (D:\AndroidStudioProjects\AndroidFinalProject\.gradle\6.1.1\executionHistory)" [_thread_blocked, id=30944, stack(0x0000000024db0000,0x0000000024eb0000)]
  0x000000001dfe9000 JavaThread "Execution worker for ':' Thread 3" [_thread_blocked, id=19640, stack(0x00000000250d0000,0x00000000251d0000)]
  0x000000001dfe5800 JavaThread "Execution worker for ':' Thread 2" [_thread_blocked, id=36888, stack(0x0000000024fd0000,0x00000000250d0000)]
  0x000000001dfde800 JavaThread "Execution worker for ':'" [_thread_in_native, id=33796, stack(0x0000000024ed0000,0x0000000024fd0000)]
  0x000000001dfe4800 JavaThread "Cache worker for file content cache (D:\AndroidStudioProjects\AndroidFinalProject\.gradle\6.1.1\fileContent)" [_thread_blocked, id=37268, stack(0x00000000248b0000,0x00000000249b0000)]
  0x000000001dfdd000 JavaThread "Cache worker for file content cache (C:\Users\amusu\.gradle\caches\6.1.1\fileContent)" [_thread_blocked, id=7440, stack(0x00000000247b0000,0x00000000248b0000)]
  0x000000001dfe3000 JavaThread "Memory manager" [_thread_blocked, id=36912, stack(0x00000000246b0000,0x00000000247b0000)]
  0x000000001dfe1800 JavaThread "Cache worker for Build Output Cleanup Cache (D:\AndroidStudioProjects\AndroidFinalProject\.gradle\buildOutputCleanup)" [_thread_in_Java, id=18216, stack(0x00000000239b0000,0x0000000023ab0000)]
  0x000000001dfe0000 JavaThread "Build operations Thread 4" [_thread_blocked, id=23560, stack(0x00000000238b0000,0x00000000239b0000)]
  0x000000001dfde000 JavaThread "Build operations Thread 3" [_thread_blocked, id=22936, stack(0x00000000234f0000,0x00000000235f0000)]
  0x000000001dfe4000 JavaThread "Build operations Thread 2" [_thread_blocked, id=25612, stack(0x00000000223a0000,0x00000000224a0000)]
  0x000000001dfdc800 JavaThread "Build operations" [_thread_blocked, id=18864, stack(0x00000000222a0000,0x00000000223a0000)]
  0x000000001b77f800 JavaThread "Cache worker for execution history cache (C:\Users\amusu\.gradle\caches\6.1.1\executionHistory)" [_thread_blocked, id=17732, stack(0x0000000021380000,0x0000000021480000)]
  0x000000001b77e000 JavaThread "Cache worker for cache directory md-rule (C:\Users\amusu\.gradle\caches\6.1.1\md-rule)" [_thread_blocked, id=32548, stack(0x0000000020e90000,0x0000000020f90000)]
  0x000000001b781000 JavaThread "Cache worker for cache directory md-supplier (C:\Users\amusu\.gradle\caches\6.1.1\md-supplier)" [_thread_blocked, id=17108, stack(0x000000001fd70000,0x000000001fe70000)]
  0x000000001b782800 JavaThread "Cache worker for file hash cache (D:\AndroidStudioProjects\AndroidFinalProject\.gradle\6.1.1\fileHashes)" [_thread_blocked, id=37464, stack(0x000000001fa70000,0x000000001fb70000)]
  0x000000001b77b800 JavaThread "Cache worker for checksums cache (D:\AndroidStudioProjects\AndroidFinalProject\.gradle\checksums)" [_thread_blocked, id=4740, stack(0x0000000021280000,0x0000000021380000)]
  0x000000001b77d000 JavaThread "Cache worker for file hash cache (C:\Users\amusu\.gradle\caches\6.1.1\fileHashes)" [_thread_blocked, id=6996, stack(0x000000001d6d0000,0x000000001d7d0000)]
  0x000000001b77c800 JavaThread "File lock request listener" [_thread_in_native, id=33776, stack(0x000000001d5d0000,0x000000001d6d0000)]
  0x000000001b889000 JavaThread "Cache worker for journal cache (C:\Users\amusu\.gradle\caches\journal-1)" [_thread_blocked, id=33280, stack(0x000000001d4d0000,0x000000001d5d0000)]
  0x000000001b6a2000 JavaThread "Thread-9" [_thread_blocked, id=35404, stack(0x000000001d1d0000,0x000000001d2d0000)]
  0x000000001b6a1000 JavaThread "Stdin handler" [_thread_blocked, id=30404, stack(0x000000001d0d0000,0x000000001d1d0000)]
  0x000000001b69e000 JavaThread "Asynchronous log dispatcher for DefaultDaemonConnection: socket connection from /127.0.0.1:49306 to /127.0.0.1:49307" [_thread_blocked, id=17876, stack(0x000000001cfd0000,0x000000001d0d0000)]
  0x000000001b689000 JavaThread "Daemon worker" [_thread_blocked, id=3836, stack(0x000000001ced0000,0x000000001cfd0000)]
  0x000000001b688000 JavaThread "Cancel handler" [_thread_blocked, id=31324, stack(0x000000001cdd0000,0x000000001ced0000)]
  0x000000001b613800 JavaThread "Handler for socket connection from /127.0.0.1:49306 to /127.0.0.1:49307" [_thread_in_native, id=12284, stack(0x000000001cad0000,0x000000001cbd0000)]
  0x000000001b611000 JavaThread "Daemon" [_thread_blocked, id=21464, stack(0x000000001c9d0000,0x000000001cad0000)]
  0x000000001b607800 JavaThread "Daemon periodic checks" [_thread_blocked, id=7164, stack(0x000000001c8d0000,0x000000001c9d0000)]
  0x000000001b63a000 JavaThread "Incoming local TCP Connector on port 49306" [_thread_in_native, id=23828, stack(0x000000001c7d0000,0x000000001c8d0000)]
  0x000000001b549000 JavaThread "Daemon health stats" [_thread_blocked, id=37832, stack(0x000000001c190000,0x000000001c290000)]
  0x0000000019423000 JavaThread "Service Thread" daemon [_thread_blocked, id=4804, stack(0x00000000197f0000,0x00000000198f0000)]
  0x0000000017bbb800 JavaThread "C1 CompilerThread2" daemon [_thread_blocked, id=36712, stack(0x00000000192f0000,0x00000000193f0000)]
  0x0000000017bad000 JavaThread "C2 CompilerThread1" daemon [_thread_in_native, id=31512, stack(0x00000000191f0000,0x00000000192f0000)]
=>0x0000000017ba9800 JavaThread "C2 CompilerThread0" daemon [_thread_in_native, id=25280, stack(0x00000000190f0000,0x00000000191f0000)]
  0x0000000017ba5000 JavaThread "Attach Listener" daemon [_thread_blocked, id=37488, stack(0x0000000018ff0000,0x00000000190f0000)]
  0x0000000017ba4000 JavaThread "Signal Dispatcher" daemon [_thread_blocked, id=37644, stack(0x0000000018ef0000,0x0000000018ff0000)]
  0x0000000017b8a000 JavaThread "Finalizer" daemon [_thread_blocked, id=36732, stack(0x0000000018df0000,0x0000000018ef0000)]
  0x0000000017b89000 JavaThread "Reference Handler" daemon [_thread_blocked, id=37460, stack(0x0000000018cf0000,0x0000000018df0000)]
  0x0000000002e82800 JavaThread "main" [_thread_blocked, id=5384, stack(0x0000000002d80000,0x0000000002e80000)]

Other Threads:
  0x0000000017b66800 VMThread [stack: 0x0000000018bf0000,0x0000000018cf0000] [id=26756]
  0x0000000019423800 WatcherThread [stack: 0x00000000198f0000,0x00000000199f0000] [id=36244]

VM state:not at safepoint (normal execution)

VM Mutex/Monitor currently owned by a thread: None

heap address: 0x0000000080000000, size: 2048 MB, Compressed Oops mode: 32-bit
Narrow klass base: 0x0000000000000000, Narrow klass shift: 3
Compressed class space size: 1073741824 Address: 0x0000000100000000

Heap:
 PSYoungGen      total 190464K, used 78864K [0x00000000d5580000, 0x00000000e5d00000, 0x0000000100000000)
  eden space 177152K, 37% used [0x00000000d5580000,0x00000000d9587688,0x00000000e0280000)
  from space 13312K, 99% used [0x00000000e0280000,0x00000000e0f7ccb0,0x00000000e0f80000)
  to   space 18944K, 0% used [0x00000000e4a80000,0x00000000e4a80000,0x00000000e5d00000)
 ParOldGen       total 145408K, used 29192K [0x0000000080000000, 0x0000000088e00000, 0x00000000d5580000)
  object space 145408K, 20% used [0x0000000080000000,0x0000000081c82048,0x0000000088e00000)
 Metaspace       used 64429K, capacity 67428K, committed 67608K, reserved 1107968K
  class space    used 8782K, capacity 9395K, committed 9520K, reserved 1048576K

Card table byte_map: [0x0000000012340000,0x0000000012750000] byte_map_base: 0x0000000011f40000

Marking Bits: (ParMarkBitMap*) 0x000000006594f030
 Begin Bits: [0x0000000012e00000, 0x0000000014e00000)
 End Bits:   [0x0000000014e00000, 0x0000000016e00000)

Polling page: 0x0000000000be0000

CodeCache: size=245760Kb used=24184Kb max_used=24324Kb free=221575Kb
 bounds [0x0000000002f80000, 0x0000000004770000, 0x0000000011f80000]
 total_blobs=8353 nmethods=7554 adapters=711
 compilation: enabled

Compilation events (10 events):
Event: 18.530 Thread 0x0000000017bbb800 8647       2       com.google.common.collect.AbstractMapBasedMultimap$WrappedCollection$WrappedIterator::next (14 bytes)
Event: 18.531 Thread 0x0000000017bbb800 nmethod 8647 0x000000000324e890 code [0x000000000324ea20, 0x000000000324ec88]
Event: 18.531 Thread 0x0000000017bbb800 8648       2       com.google.common.collect.AbstractMapBasedMultimap$WrappedList$WrappedListIterator::set (11 bytes)
Event: 18.531 Thread 0x0000000017bbb800 nmethod 8648 0x0000000003a26510 code [0x0000000003a26680, 0x0000000003a26878]
Event: 18.531 Thread 0x0000000017bbb800 8649       2       com.google.common.collect.AbstractMapBasedMultimap$WrappedList$WrappedListIterator::getDelegateListIterator (8 bytes)
Event: 18.531 Thread 0x0000000017bbb800 nmethod 8649 0x00000000035cad50 code [0x00000000035caee0, 0x00000000035cb178]
Event: 18.531 Thread 0x0000000017bbb800 8651   !   2       java.util.ArrayList$ListItr::set (45 bytes)
Event: 18.532 Thread 0x0000000017bbb800 nmethod 8651 0x0000000003d30110 code [0x0000000003d302e0, 0x0000000003d30828]
Event: 18.532 Thread 0x0000000017bbb800 8650       2       com.google.common.collect.AbstractMapBasedMultimap$WrappedCollection$WrappedIterator::getDelegateIterator (9 bytes)
Event: 18.532 Thread 0x0000000017bbb800 nmethod 8650 0x0000000004151b90 code [0x0000000004151d00, 0x0000000004151f58]

GC Heap History (10 events):
Event: 8.942 GC heap before
{Heap before GC invocations=10 (full 2):
 PSYoungGen      total 119808K, used 108032K [0x00000000d5580000, 0x00000000e1c80000, 0x0000000100000000)
  eden space 108032K, 100% used [0x00000000d5580000,0x00000000dbf00000,0x00000000dbf00000)
  from space 11776K, 0% used [0x00000000dbf00000,0x00000000dbf00000,0x00000000dca80000)
  to   space 11776K, 0% used [0x00000000e1100000,0x00000000e1100000,0x00000000e1c80000)
 ParOldGen       total 145408K, used 15251K [0x0000000080000000, 0x0000000088e00000, 0x00000000d5580000)
  object space 145408K, 10% used [0x0000000080000000,0x0000000080ee4db0,0x0000000088e00000)
 Metaspace       used 44086K, capacity 45564K, committed 45736K, reserved 1089536K
  class space    used 5956K, capacity 6318K, committed 6320K, reserved 1048576K
Event: 8.965 GC heap after
Heap after GC invocations=10 (full 2):
 PSYoungGen      total 168960K, used 11765K [0x00000000d5580000, 0x00000000e1c80000, 0x0000000100000000)
  eden space 157184K, 0% used [0x00000000d5580000,0x00000000d5580000,0x00000000def00000)
  from space 11776K, 99% used [0x00000000e1100000,0x00000000e1c7d4b8,0x00000000e1c80000)
  to   space 13312K, 0% used [0x00000000e0280000,0x00000000e0280000,0x00000000e0f80000)
 ParOldGen       total 145408K, used 16458K [0x0000000080000000, 0x0000000088e00000, 0x00000000d5580000)
  object space 145408K, 11% used [0x0000000080000000,0x0000000081012880,0x0000000088e00000)
 Metaspace       used 44086K, capacity 45564K, committed 45736K, reserved 1089536K
  class space    used 5956K, capacity 6318K, committed 6320K, reserved 1048576K
}
Event: 12.146 GC heap before
{Heap before GC invocations=11 (full 2):
 PSYoungGen      total 168960K, used 168949K [0x00000000d5580000, 0x00000000e1c80000, 0x0000000100000000)
  eden space 157184K, 100% used [0x00000000d5580000,0x00000000def00000,0x00000000def00000)
  from space 11776K, 99% used [0x00000000e1100000,0x00000000e1c7d4b8,0x00000000e1c80000)
  to   space 13312K, 0% used [0x00000000e0280000,0x00000000e0280000,0x00000000e0f80000)
 ParOldGen       total 145408K, used 16458K [0x0000000080000000, 0x0000000088e00000, 0x00000000d5580000)
  object space 145408K, 11% used [0x0000000080000000,0x0000000081012880,0x0000000088e00000)
 Metaspace       used 56505K, capacity 58606K, committed 58664K, reserved 1099776K
  class space    used 7744K, capacity 8202K, committed 8240K, reserved 1048576K
Event: 12.175 GC heap after
Heap after GC invocations=11 (full 2):
 PSYoungGen      total 190464K, used 13308K [0x00000000d5580000, 0x00000000e3b00000, 0x0000000100000000)
  eden space 177152K, 0% used [0x00000000d5580000,0x00000000d5580000,0x00000000e0280000)
  from space 13312K, 99% used [0x00000000e0280000,0x00000000e0f7f340,0x00000000e0f80000)
  to   space 18944K, 0% used [0x00000000e2880000,0x00000000e2880000,0x00000000e3b00000)
 ParOldGen       total 145408K, used 27167K [0x0000000080000000, 0x0000000088e00000, 0x00000000d5580000)
  object space 145408K, 18% used [0x0000000080000000,0x0000000081a87c98,0x0000000088e00000)
 Metaspace       used 56505K, capacity 58606K, committed 58664K, reserved 1099776K
  class space    used 7744K, capacity 8202K, committed 8240K, reserved 1048576K
}
Event: 12.359 GC heap before
{Heap before GC invocations=12 (full 2):
 PSYoungGen      total 190464K, used 21265K [0x00000000d5580000, 0x00000000e3b00000, 0x0000000100000000)
  eden space 177152K, 4% used [0x00000000d5580000,0x00000000d5d453b8,0x00000000e0280000)
  from space 13312K, 99% used [0x00000000e0280000,0x00000000e0f7f340,0x00000000e0f80000)
  to   space 18944K, 0% used [0x00000000e2880000,0x00000000e2880000,0x00000000e3b00000)
 ParOldGen       total 145408K, used 27167K [0x0000000080000000, 0x0000000088e00000, 0x00000000d5580000)
  object space 145408K, 18% used [0x0000000080000000,0x0000000081a87c98,0x0000000088e00000)
 Metaspace       used 57055K, capacity 59042K, committed 59160K, reserved 1099776K
  class space    used 7809K, capacity 8238K, committed 8240K, reserved 1048576K
Event: 12.382 GC heap after
Heap after GC invocations=12 (full 2):
 PSYoungGen      total 196096K, used 9018K [0x00000000d5580000, 0x00000000e3b00000, 0x0000000100000000)
  eden space 177152K, 0% used [0x00000000d5580000,0x00000000d5580000,0x00000000e0280000)
  from space 18944K, 47% used [0x00000000e2880000,0x00000000e314e8f0,0x00000000e3b00000)
  to   space 13312K, 0% used [0x00000000e0280000,0x00000000e0280000,0x00000000e0f80000)
 ParOldGen       total 145408K, used 32034K [0x0000000080000000, 0x0000000088e00000, 0x00000000d5580000)
  object space 145408K, 22% used [0x0000000080000000,0x0000000081f489f0,0x0000000088e00000)
 Metaspace       used 57055K, capacity 59042K, committed 59160K, reserved 1099776K
  class space    used 7809K, capacity 8238K, committed 8240K, reserved 1048576K
}
Event: 12.382 GC heap before
{Heap before GC invocations=13 (full 3):
 PSYoungGen      total 196096K, used 9018K [0x00000000d5580000, 0x00000000e3b00000, 0x0000000100000000)
  eden space 177152K, 0% used [0x00000000d5580000,0x00000000d5580000,0x00000000e0280000)
  from space 18944K, 47% used [0x00000000e2880000,0x00000000e314e8f0,0x00000000e3b00000)
  to   space 13312K, 0% used [0x00000000e0280000,0x00000000e0280000,0x00000000e0f80000)
 ParOldGen       total 145408K, used 32034K [0x0000000080000000, 0x0000000088e00000, 0x00000000d5580000)
  object space 145408K, 22% used [0x0000000080000000,0x0000000081f489f0,0x0000000088e00000)
 Metaspace       used 57055K, capacity 59042K, committed 59160K, reserved 1099776K
  class space    used 7809K, capacity 8238K, committed 8240K, reserved 1048576K
Event: 12.655 GC heap after
Heap after GC invocations=13 (full 3):
 PSYoungGen      total 196096K, used 0K [0x00000000d5580000, 0x00000000e3b00000, 0x0000000100000000)
  eden space 177152K, 0% used [0x00000000d5580000,0x00000000d5580000,0x00000000e0280000)
  from space 18944K, 0% used [0x00000000e2880000,0x00000000e2880000,0x00000000e3b00000)
  to   space 13312K, 0% used [0x00000000e0280000,0x00000000e0280000,0x00000000e0f80000)
 ParOldGen       total 145408K, used 27989K [0x0000000080000000, 0x0000000088e00000, 0x00000000d5580000)
  object space 145408K, 19% used [0x0000000080000000,0x0000000081b55448,0x0000000088e00000)
 Metaspace       used 57055K, capacity 59042K, committed 59160K, reserved 1099776K
  class space    used 7809K, capacity 8238K, committed 8240K, reserved 1048576K
}
Event: 17.333 GC heap before
{Heap before GC invocations=14 (full 3):
 PSYoungGen      total 196096K, used 177152K [0x00000000d5580000, 0x00000000e3b00000, 0x0000000100000000)
  eden space 177152K, 100% used [0x00000000d5580000,0x00000000e0280000,0x00000000e0280000)
  from space 18944K, 0% used [0x00000000e2880000,0x00000000e2880000,0x00000000e3b00000)
  to   space 13312K, 0% used [0x00000000e0280000,0x00000000e0280000,0x00000000e0f80000)
 ParOldGen       total 145408K, used 27989K [0x0000000080000000, 0x0000000088e00000, 0x00000000d5580000)
  object space 145408K, 19% used [0x0000000080000000,0x0000000081b55448,0x0000000088e00000)
 Metaspace       used 63824K, capacity 66778K, committed 66968K, reserved 1107968K
  class space    used 8734K, capacity 9330K, committed 9392K, reserved 1048576K
Event: 17.348 GC heap after
Heap after GC invocations=14 (full 3):
 PSYoungGen      total 190464K, used 13299K [0x00000000d5580000, 0x00000000e5d00000, 0x0000000100000000)
  eden space 177152K, 0% used [0x00000000d5580000,0x00000000d5580000,0x00000000e0280000)
  from space 13312K, 99% used [0x00000000e0280000,0x00000000e0f7ccb0,0x00000000e0f80000)
  to   space 18944K, 0% used [0x00000000e4a80000,0x00000000e4a80000,0x00000000e5d00000)
 ParOldGen       total 145408K, used 29192K [0x0000000080000000, 0x0000000088e00000, 0x00000000d5580000)
  object space 145408K, 20% used [0x0000000080000000,0x0000000081c82048,0x0000000088e00000)
 Metaspace       used 63824K, capacity 66778K, committed 66968K, reserved 1107968K
  class space    used 8734K, capacity 9330K, committed 9392K, reserved 1048576K
}

Deoptimization events (10 events):
Event: 18.374 Thread 0x000000001dfde800 Uncommon trap: reason=speculate_class_check action=maybe_recompile pc=0x00000000041541f8 method=java.util.EnumMap.get(Ljava/lang/Object;)Ljava/lang/Object; @ 14
Event: 18.374 Thread 0x000000001dfde800 Uncommon trap: reason=speculate_class_check action=maybe_recompile pc=0x00000000041541f8 method=java.util.EnumMap.get(Ljava/lang/Object;)Ljava/lang/Object; @ 14
Event: 18.374 Thread 0x000000001dfde800 Uncommon trap: reason=speculate_class_check action=maybe_recompile pc=0x00000000041541f8 method=java.util.EnumMap.get(Ljava/lang/Object;)Ljava/lang/Object; @ 14
Event: 18.384 Thread 0x000000001dfde800 Uncommon trap: reason=unstable_if action=reinterpret pc=0x0000000003a90a2c method=com.sun.org.apache.xerces.internal.utils.XMLLimitAnalyzer.addValue(ILjava/lang/String;I)V @ 7
Event: 18.384 Thread 0x000000001dfde800 Uncommon trap: reason=unstable_if action=reinterpret pc=0x000000000448e460 method=com.sun.org.apache.xerces.internal.utils.XMLSecurityManager.isOverLimit(ILcom/sun/org/apache/xerces/internal/utils/XMLLimitAnalyzer;)Z @ 28
Event: 18.384 Thread 0x000000001dfde800 Uncommon trap: reason=unstable_if action=reinterpret pc=0x00000000046daab4 method=com.sun.org.apache.xerces.internal.impl.XMLNSDocumentScannerImpl.scanAttribute(Lcom/sun/org/apache/xerces/internal/util/XMLAttributesImpl;)V @ 688
Event: 18.420 Thread 0x000000001dfde800 Uncommon trap: reason=unstable_if action=reinterpret pc=0x000000000461d8a8 method=com.android.utils.PositionXmlParser$DomBuilder.getCurrentPosition()Lcom/android/utils/PositionXmlParser$Position; @ 65
Event: 18.422 Thread 0x000000001dfde800 Uncommon trap: reason=unstable_if action=reinterpret pc=0x00000000046f877c method=com.sun.org.apache.xerces.internal.impl.XMLEntityScanner.skipString(Ljava/lang/String;)Z @ 59
Event: 18.423 Thread 0x000000001dfde800 Uncommon trap: reason=unstable_if action=reinterpret pc=0x0000000004639d90 method=com.android.utils.PositionXmlParser$DomBuilder.findOpeningTag(Lcom/android/utils/PositionXmlParser$Position;)Lcom/android/utils/PositionXmlParser$Position; @ 81
Event: 18.532 Thread 0x000000001dfde800 Uncommon trap: reason=bimorphic action=maybe_recompile pc=0x0000000004688420 method=com.sun.org.apache.xerces.internal.dom.CoreDocumentImpl.isKidOK(Lorg/w3c/dom/Node;Lorg/w3c/dom/Node;)Z @ 39

Classes redefined (0 events):
No events

Internal exceptions (10 events):
Event: 15.310 Thread 0x000000001b6a2000 Exception <a 'java/lang/NoSuchMethodError': <clinit>> (0x00000000d58e2bd0) thrown at [C:\src\AOSP-openjdk-git\hotspot\src\share\vm\prims\jni.cpp, line 1615]
Event: 15.902 Thread 0x000000001dfe9000 Exception <a 'sun/nio/fs/WindowsException'> (0x00000000dca6efd8) thrown at [C:\src\AOSP-openjdk-git\hotspot\src\share\vm\prims\jni.cpp, line 710]
Event: 15.902 Thread 0x000000001dfe9000 Exception <a 'sun/nio/fs/WindowsException'> (0x00000000dca70078) thrown at [C:\src\AOSP-openjdk-git\hotspot\src\share\vm\prims\jni.cpp, line 710]
Event: 15.949 Thread 0x000000001dfe9000 Exception <a 'java/lang/NoSuchMethodError': <clinit>> (0x00000000dcfe2740) thrown at [C:\src\AOSP-openjdk-git\hotspot\src\share\vm\prims\jni.cpp, line 1615]
Event: 15.950 Thread 0x000000001dfe9000 Exception <a 'java/lang/NoSuchMethodError': <clinit>> (0x00000000dcff1780) thrown at [C:\src\AOSP-openjdk-git\hotspot\src\share\vm\prims\jni.cpp, line 1615]
Event: 15.994 Thread 0x000000001dfea800 Exception <a 'sun/nio/fs/WindowsException'> (0x00000000dd3da8a0) thrown at [C:\src\AOSP-openjdk-git\hotspot\src\share\vm\prims\jni.cpp, line 710]
Event: 16.250 Thread 0x000000001dfe0000 Exception <a 'sun/nio/fs/WindowsException'> (0x00000000ddbb3318) thrown at [C:\src\AOSP-openjdk-git\hotspot\src\share\vm\prims\jni.cpp, line 710]
Event: 16.256 Thread 0x000000001dfe0000 Exception <a 'sun/nio/fs/WindowsException'> (0x00000000ddbe9da0) thrown at [C:\src\AOSP-openjdk-git\hotspot\src\share\vm\prims\jni.cpp, line 710]
Event: 16.329 Thread 0x000000001dfe0000 Exception <a 'sun/nio/fs/WindowsException'> (0x00000000ddbefd50) thrown at [C:\src\AOSP-openjdk-git\hotspot\src\share\vm\prims\jni.cpp, line 710]
Event: 18.368 Thread 0x000000001dfde800 Implicit null exception at 0x00000000046c31d2 to 0x00000000046c3349

Events (10 events):
Event: 18.528 loading class com/google/common/collect/AbstractMapBasedMultimap$WrappedList$WrappedListIterator
Event: 18.528 loading class com/google/common/collect/AbstractMapBasedMultimap$WrappedList$WrappedListIterator done
Event: 18.529 Executing VM operation: Deoptimize
Event: 18.530 Executing VM operation: Deoptimize done
Event: 18.532 Thread 0x000000001dfde800 Uncommon trap: trap_request=0xffffffc6 fr.pc=0x0000000004688420
Event: 18.532 Thread 0x000000001dfde800 DEOPT PACKING pc=0x0000000004688420 sp=0x0000000024fcb7a0
Event: 18.532 Thread 0x000000001dfde800 DEOPT UNPACKING pc=0x0000000002fc557b sp=0x0000000024fcb6b8 mode 2
Event: 18.532 loading class com/android/ide/common/resources/NodeUtils
Event: 18.532 loading class com/android/ide/common/resources/NodeUtils done
Event: 18.534 loading class com/sun/org/apache/xerces/internal/dom/DOMImplementationImpl


Dynamic libraries:
0x00007ff67ef20000 - 0x00007ff67ef51000 	D:\Program Files\Android\Android Studio\jre\bin\java.exe
0x00007ffb30aa0000 - 0x00007ffb30c90000 	C:\WINDOWS\SYSTEM32\ntdll.dll
0x00007ffb2ed00000 - 0x00007ffb2edb2000 	C:\WINDOWS\System32\KERNEL32.DLL
0x00007ffb2e700000 - 0x00007ffb2e9a5000 	C:\WINDOWS\System32\KERNELBASE.dll
0x00007ffb303c0000 - 0x00007ffb30463000 	C:\WINDOWS\System32\ADVAPI32.dll
0x00007ffb2fa70000 - 0x00007ffb2fb0e000 	C:\WINDOWS\System32\msvcrt.dll
0x00007ffb2fd50000 - 0x00007ffb2fde7000 	C:\WINDOWS\System32\sechost.dll
0x00007ffb2ebd0000 - 0x00007ffb2ecf0000 	C:\WINDOWS\System32\RPCRT4.dll
0x00007ffb2f170000 - 0x00007ffb2f304000 	C:\WINDOWS\System32\USER32.dll
0x00007ffb2e520000 - 0x00007ffb2e541000 	C:\WINDOWS\System32\win32u.dll
0x00007ffb2fd20000 - 0x00007ffb2fd46000 	C:\WINDOWS\System32\GDI32.dll
0x00007ffb2e9b0000 - 0x00007ffb2eb46000 	C:\WINDOWS\System32\gdi32full.dll
0x00007ffb2e580000 - 0x00007ffb2e61e000 	C:\WINDOWS\System32\msvcp_win.dll
0x00007ffb2e1b0000 - 0x00007ffb2e2aa000 	C:\WINDOWS\System32\ucrtbase.dll
0x00007ffb1ac40000 - 0x00007ffb1aec4000 	C:\WINDOWS\WinSxS\amd64_microsoft.windows.common-controls_6595b64144ccf1df_6.0.18362.1139_none_9e7bf2d3e4605ac6\COMCTL32.dll
0x00007ffb2ff30000 - 0x00007ffb30265000 	C:\WINDOWS\System32\combase.dll
0x00007ffb2e620000 - 0x00007ffb2e6a0000 	C:\WINDOWS\System32\bcryptPrimitives.dll
0x00007ffb30a30000 - 0x00007ffb30a5e000 	C:\WINDOWS\System32\IMM32.DLL
0x00000000650a0000 - 0x0000000065172000 	D:\Program Files\Android\Android Studio\jre\jre\bin\msvcr100.dll
0x0000000065180000 - 0x00000000659cb000 	D:\Program Files\Android\Android Studio\jre\jre\bin\server\jvm.dll
0x00007ffb303b0000 - 0x00007ffb303b8000 	C:\WINDOWS\System32\PSAPI.DLL
0x00007ffb15690000 - 0x00007ffb15699000 	C:\WINDOWS\SYSTEM32\WSOCK32.dll
0x00007ffb25460000 - 0x00007ffb2546a000 	C:\WINDOWS\SYSTEM32\VERSION.dll
0x00007ffb2f310000 - 0x00007ffb2f37f000 	C:\WINDOWS\System32\WS2_32.dll
0x00007ffb29120000 - 0x00007ffb29144000 	C:\WINDOWS\SYSTEM32\WINMM.dll
0x00007ffb290f0000 - 0x00007ffb2911d000 	C:\WINDOWS\SYSTEM32\winmmbase.dll
0x00007ffb2e2b0000 - 0x00007ffb2e2fa000 	C:\WINDOWS\System32\cfgmgr32.dll
0x00007ffb26d50000 - 0x00007ffb26d5f000 	D:\Program Files\Android\Android Studio\jre\jre\bin\verify.dll
0x00007ffb18b00000 - 0x00007ffb18b29000 	D:\Program Files\Android\Android Studio\jre\jre\bin\java.dll
0x00007ffb1aaa0000 - 0x00007ffb1aab6000 	D:\Program Files\Android\Android Studio\jre\jre\bin\zip.dll
0x00007ffb2f380000 - 0x00007ffb2fa67000 	C:\WINDOWS\System32\SHELL32.dll
0x00007ffb2fc70000 - 0x00007ffb2fd19000 	C:\WINDOWS\System32\shcore.dll
0x00007ffb2da30000 - 0x00007ffb2e1b0000 	C:\WINDOWS\System32\windows.storage.dll
0x00007ffb2da00000 - 0x00007ffb2da23000 	C:\WINDOWS\System32\profapi.dll
0x00007ffb2d9b0000 - 0x00007ffb2d9fa000 	C:\WINDOWS\System32\powrprof.dll
0x00007ffb2d960000 - 0x00007ffb2d970000 	C:\WINDOWS\System32\UMPDC.dll
0x00007ffb2fe00000 - 0x00007ffb2fe52000 	C:\WINDOWS\System32\shlwapi.dll
0x00007ffb2d970000 - 0x00007ffb2d981000 	C:\WINDOWS\System32\kernel.appcore.dll
0x00007ffb2e300000 - 0x00007ffb2e317000 	C:\WINDOWS\System32\cryptsp.dll
0x00007ffb193a0000 - 0x00007ffb193ba000 	D:\Program Files\Android\Android Studio\jre\jre\bin\net.dll
0x00007ffb2d1b0000 - 0x00007ffb2d217000 	C:\WINDOWS\system32\mswsock.dll
0x00007ffb18ea0000 - 0x00007ffb18eb3000 	D:\Program Files\Android\Android Studio\jre\jre\bin\nio.dll
0x00007ffb1a8e0000 - 0x00007ffb1a906000 	C:\Users\amusu\.gradle\native\31\windows-amd64\native-platform.dll
0x00007ffb25730000 - 0x00007ffb2573d000 	D:\Program Files\Android\Android Studio\jre\jre\bin\management.dll
0x00007ffb2cd20000 - 0x00007ffb2cd53000 	C:\WINDOWS\system32\rsaenh.dll
0x00007ffb2e550000 - 0x00007ffb2e576000 	C:\WINDOWS\System32\bcrypt.dll
0x00007ffb2d840000 - 0x00007ffb2d865000 	C:\WINDOWS\SYSTEM32\USERENV.dll
0x00007ffb2d380000 - 0x00007ffb2d38c000 	C:\WINDOWS\SYSTEM32\CRYPTBASE.dll
0x00007ffb2cec0000 - 0x00007ffb2cefa000 	C:\WINDOWS\SYSTEM32\IPHLPAPI.DLL
0x00007ffb2ecf0000 - 0x00007ffb2ecf8000 	C:\WINDOWS\System32\NSI.dll
0x00007ffb1f8d0000 - 0x00007ffb1f8e6000 	C:\WINDOWS\SYSTEM32\dhcpcsvc6.DLL
0x00007ffb1f8b0000 - 0x00007ffb1f8cc000 	C:\WINDOWS\SYSTEM32\dhcpcsvc.DLL
0x00007ffb2cf00000 - 0x00007ffb2cfcb000 	C:\WINDOWS\SYSTEM32\DNSAPI.dll

VM Arguments:
jvm_args: -Xmx2048m -Dfile.encoding=windows-1252 -Duser.country=CN -Duser.language=zh -Duser.variant 
java_command: org.gradle.launcher.daemon.bootstrap.GradleDaemon 6.1.1
java_class_path (initial): C:\Users\amusu\.gradle\wrapper\dists\gradle-6.1.1-all\cfmwm155h49vnt3hynmlrsdst\gradle-6.1.1\lib\gradle-launcher-6.1.1.jar
Launcher Type: SUN_STANDARD

Environment Variables:
JAVA_HOME=D:\Program Files\AdoptOpenJDK\jdk-11.0.8.10-hotspot\
CLASSPATH=.;D:\Program Files\AdoptOpenJDK\jdk-11.0.8.10-hotspot\\lib\dt.jar;D:\Program Files\AdoptOpenJDK\jdk-11.0.8.10-hotspot\\lib\tools.jar;D:\Program Files\AdoptOpenJDK\jdk-11.0.8.10-hotspot\\lib;D:\Program Files\AdoptOpenJDK\jdk-11.0.8.10-hotspot\
PATH=D:\Program Files\AdoptOpenJDK\jdk-11.0.8.10-hotspot\\bin;C:\Python38\Scripts\;C:\Python38\;C:\Program Files;C:\Program Files\Intel\WiFi\bin\;C:\Program Files\Common Files\Intel\WirelessCommon\;D:\Program Files\nodejs\;C:\ProgramData\chocolatey\bin;C:\WINDOWS\system32;C:\WINDOWS;C:\WINDOWS\System32\Wbem;C:\WINDOWS\System32\WindowsPowerShell\v1.0\;C:\WINDOWS\System32\OpenSSH\;";C:\Windows\System32";D:\Program Files\Git\cmd;D:\Program Files\AdoptOpenJDK\openjfx-11.0.2_windows-x64_bin-sdk\javafx-sdk-11.0.2\\bin;D:\AC_Study\Level_4\CST8277\Labs\Lab_01\apache-maven-3.6.1-bin\apache-maven-3.6.1\bin;C:\Users\amusu\AppData\Local\Microsoft\WindowsApps;D:\Program Files\AdoptOpenJDK\jdk-11.0.8.10-hotspot\\bin;C:\Users\amusu\AppData\Roaming\npm;;D:\Program Files\Microsoft VS Code\bin
USERNAME=amusu
OS=Windows_NT
PROCESSOR_IDENTIFIER=Intel64 Family 6 Model 142 Stepping 9, GenuineIntel



---------------  S Y S T E M  ---------------

OS: Windows 10.0 , 64 bit Build 18362 (10.0.18362.1110)

CPU:total 4 (initial active 4) (2 cores per cpu, 2 threads per core) family 6 model 142 stepping 9, cmov, cx8, fxsr, mmx, sse, sse2, sse3, ssse3, sse4.1, sse4.2, popcnt, avx, avx2, aes, clmul, erms, 3dnowpref, lzcnt, ht, tsc, tscinvbit, bmi1, bmi2, adx

Memory: 4k page, physical 16643740k(4115756k free), swap 16643740k(5284k free)

vm_info: OpenJDK 64-Bit Server VM (25.242-b01) for windows-amd64 JRE (1.8.0_242-release-1644-b01), built by "builder" with MS VC++ 10.0 (VS2010)

time: Sun Nov 01 01:42:55 2020
timezone: 
elapsed time: 18 seconds (0d 0h 0m 18s)

