#
# There is insufficient memory for the Java Runtime Environment to continue.
# Native memory allocation (malloc) failed to allocate 438944 bytes for Chunk::new
# Possible reasons:
#   The system is out of physical RAM or swap space
#   The process is running with CompressedOops enabled, and the Java Heap may be blocking the growth of the native heap
# Possible solutions:
#   Reduce memory load on the system
#   Increase physical memory or swap space
#   Check if swap backing store is full
#   Decrease Java heap size (-Xmx/-Xms)
#   Decrease number of Java threads
#   Decrease Java thread stack sizes (-Xss)
#   Set larger code cache with -XX:ReservedCodeCacheSize=
#   JVM is running with Unscaled Compressed Oops mode in which the Java heap is
#     placed in the first 4GB address space. The Java Heap base address is the
#     maximum limit for the native heap growth. Please use -XX:HeapBaseMinAddress
#     to set the Java Heap base and to place the Java Heap above 4GB virtual address.
# This output file may be truncated or incomplete.
#
#  Out of Memory Error (allocation.cpp:389), pid=39316, tid=0x00000000000027a4
#
# JRE version: OpenJDK Runtime Environment (8.0_242-b01) (build 1.8.0_242-release-1644-b01)
# Java VM: OpenJDK 64-Bit Server VM (25.242-b01 mixed mode windows-amd64 compressed oops)
# Failed to write core dump. Minidumps are not enabled by default on client versions of Windows
#

---------------  T H R E A D  ---------------

Current thread (0x0000000017287800):  JavaThread "C2 CompilerThread0" daemon [_thread_in_native, id=10148, stack(0x0000000018810000,0x0000000018910000)]

Stack: [0x0000000018810000,0x0000000018910000]
[error occurred during error reporting (printing stack bounds), id 0xc0000005]

Native frames: (J=compiled Java code, j=interpreted, Vv=VM code, C=native code)


Current CompileTask:
C2:   6100 2538   !   4       java.net.URLClassLoader$1::run (63 bytes)


---------------  P R O C E S S  ---------------

Java Threads: ( => current thread )
  0x000000001adbb800 JavaThread "Cache worker for execution history cache (C:\Users\amusu\.gradle\caches\6.1.1\executionHistory)" [_thread_blocked, id=30424, stack(0x00000000207d0000,0x00000000208d0000)]
  0x000000001adbd800 JavaThread "Cache worker for cache directory md-rule (C:\Users\amusu\.gradle\caches\6.1.1\md-rule)" [_thread_blocked, id=37052, stack(0x000000001f6a0000,0x000000001f7a0000)]
  0x000000001adbf000 JavaThread "Cache worker for cache directory md-supplier (C:\Users\amusu\.gradle\caches\6.1.1\md-supplier)" [_thread_blocked, id=39584, stack(0x000000001f5a0000,0x000000001f6a0000)]
  0x000000001adc2000 JavaThread "Cache worker for file hash cache (D:\AndroidStudioProjects\AndroidFinalProject\.gradle\6.1.1\fileHashes)" [_thread_blocked, id=38072, stack(0x0000000020b70000,0x0000000020c70000)]
  0x000000001adc1800 JavaThread "Cache worker for checksums cache (D:\AndroidStudioProjects\AndroidFinalProject\.gradle\checksums)" [_thread_blocked, id=38068, stack(0x000000001e070000,0x000000001e170000)]
  0x000000001adc0000 JavaThread "Cache worker for file hash cache (C:\Users\amusu\.gradle\caches\6.1.1\fileHashes)" [_thread_blocked, id=38028, stack(0x000000001cea0000,0x000000001cfa0000)]
  0x000000001adc0800 JavaThread "File lock request listener" [_thread_in_native, id=38696, stack(0x000000001cda0000,0x000000001cea0000)]
  0x000000001adb8800 JavaThread "Cache worker for journal cache (C:\Users\amusu\.gradle\caches\journal-1)" [_thread_blocked, id=32060, stack(0x000000001cca0000,0x000000001cda0000)]
  0x000000001ac86000 JavaThread "Thread-9" [_thread_blocked, id=39520, stack(0x000000001c9a0000,0x000000001caa0000)]
  0x000000001ac76800 JavaThread "Stdin handler" [_thread_blocked, id=39768, stack(0x000000001c8a0000,0x000000001c9a0000)]
  0x000000001ac82800 JavaThread "Asynchronous log dispatcher for DefaultDaemonConnection: socket connection from /127.0.0.1:65081 to /127.0.0.1:65082" [_thread_blocked, id=39232, stack(0x000000001c7a0000,0x000000001c8a0000)]
  0x000000001acc1800 JavaThread "Daemon worker" [_thread_in_vm, id=15824, stack(0x000000001c6a0000,0x000000001c7a0000)]
  0x000000001acc0800 JavaThread "Cancel handler" [_thread_blocked, id=20924, stack(0x000000001c5a0000,0x000000001c6a0000)]
  0x000000001ac4b800 JavaThread "Handler for socket connection from /127.0.0.1:65081 to /127.0.0.1:65082" [_thread_in_native, id=39912, stack(0x000000001c2a0000,0x000000001c3a0000)]
  0x000000001ac49000 JavaThread "Daemon" [_thread_blocked, id=39708, stack(0x000000001c1a0000,0x000000001c2a0000)]
  0x000000001ac36000 JavaThread "Daemon periodic checks" [_thread_blocked, id=39528, stack(0x000000001c0a0000,0x000000001c1a0000)]
  0x000000001abb3800 JavaThread "Incoming local TCP Connector on port 65081" [_thread_in_native, id=39628, stack(0x000000001bef0000,0x000000001bff0000)]
  0x000000001ab10000 JavaThread "Daemon health stats" [_thread_blocked, id=39832, stack(0x000000001b8b0000,0x000000001b9b0000)]
  0x0000000018b3b800 JavaThread "Service Thread" daemon [_thread_blocked, id=16600, stack(0x0000000018f10000,0x0000000019010000)]
  0x0000000017293000 JavaThread "C1 CompilerThread2" daemon [_thread_in_native, id=37752, stack(0x0000000018a10000,0x0000000018b10000)]
  0x000000001728b000 JavaThread "C2 CompilerThread1" daemon [_thread_in_native, id=33400, stack(0x0000000018910000,0x0000000018a10000)]
=>0x0000000017287800 JavaThread "C2 CompilerThread0" daemon [_thread_in_native, id=10148, stack(0x0000000018810000,0x0000000018910000)]
  0x0000000017283000 JavaThread "Attach Listener" daemon [_thread_blocked, id=7912, stack(0x0000000018710000,0x0000000018810000)]
  0x0000000017281800 JavaThread "Signal Dispatcher" daemon [_thread_blocked, id=35524, stack(0x0000000018610000,0x0000000018710000)]
  0x000000000265c800 JavaThread "Finalizer" daemon [_thread_blocked, id=33300, stack(0x00000000184d0000,0x00000000185d0000)]
  0x0000000017269000 JavaThread "Reference Handler" daemon [_thread_blocked, id=10596, stack(0x00000000183d0000,0x00000000184d0000)]
  0x0000000002562800 JavaThread "main" [_thread_blocked, id=33684, stack(0x00000000023e0000,0x00000000024e0000)]

Other Threads:
  0x0000000017245800 VMThread [stack: 0x00000000182d0000,0x00000000183d0000] [id=7676]
  0x0000000018b4c800 WatcherThread [stack: 0x0000000019010000,0x0000000019110000] [id=36984]

VM state:not at safepoint (normal execution)

VM Mutex/Monitor currently owned by a thread: None

heap address: 0x0000000080000000, size: 2048 MB, Compressed Oops mode: 32-bit
Narrow klass base: 0x0000000000000000, Narrow klass shift: 3
Compressed class space size: 1073741824 Address: 0x0000000100000000

Heap:
 PSYoungGen      total 140800K, used 32559K [0x00000000d5580000, 0x00000000e4b00000, 0x0000000100000000)
  eden space 130048K, 16% used [0x00000000d5580000,0x00000000d6ad2a78,0x00000000dd480000)
  from space 10752K, 99% used [0x00000000dd480000,0x00000000ddef9260,0x00000000ddf00000)
  to   space 15360K, 0% used [0x00000000e3c00000,0x00000000e3c00000,0x00000000e4b00000)
 ParOldGen       total 91648K, used 9585K [0x0000000080000000, 0x0000000085980000, 0x00000000d5580000)
  object space 91648K, 10% used [0x0000000080000000,0x000000008095c790,0x0000000085980000)
 Metaspace       used 32945K, capacity 33720K, committed 33968K, reserved 1079296K
  class space    used 4504K, capacity 4743K, committed 4784K, reserved 1048576K

Card table byte_map: [0x0000000011a20000,0x0000000011e30000] byte_map_base: 0x0000000011620000

Marking Bits: (ParMarkBitMap*) 0x000000006594f030
 Begin Bits: [0x00000000124e0000, 0x00000000144e0000)
 End Bits:   [0x00000000144e0000, 0x00000000164e0000)

Polling page: 0x0000000000770000

CodeCache: size=245760Kb used=9982Kb max_used=9982Kb free=235777Kb
 bounds [0x0000000002660000, 0x0000000003030000, 0x0000000011660000]
 total_blobs=3275 nmethods=2591 adapters=596
 compilation: enabled

Compilation events (10 events):
Event: 6.034 Thread 0x0000000017293000 2602       3       org.objectweb.asm.FieldVisitor::<init> (66 bytes)
Event: 6.035 Thread 0x0000000017293000 nmethod 2602 0x00000000030211d0 code [0x00000000030213c0, 0x0000000003021d18]
Event: 6.035 Thread 0x0000000017293000 2603       3       org.gradle.internal.instantiation.generator.AbstractClassGenerator$MethodMetadata::getName (8 bytes)
Event: 6.035 Thread 0x0000000017293000 nmethod 2603 0x0000000003022110 code [0x0000000003022260, 0x0000000003022450]
Event: 6.051 Thread 0x0000000017293000 2604       3       java.net.URI::match (56 bytes)
Event: 6.051 Thread 0x0000000017293000 nmethod 2604 0x0000000003022750 code [0x00000000030228c0, 0x0000000003022bd0]
Event: 6.071 Thread 0x0000000017293000 2605       3       com.google.common.cache.LocalCache::usesKeyReferences (16 bytes)
Event: 6.071 Thread 0x0000000017293000 nmethod 2605 0x0000000003022c50 code [0x0000000003022da0, 0x0000000003022f50]
Event: 6.071 Thread 0x0000000017293000 2606       3       com.google.common.cache.LocalCache::usesValueReferences (16 bytes)
Event: 6.071 Thread 0x0000000017293000 nmethod 2606 0x0000000003022fd0 code [0x0000000003023120, 0x00000000030232d0]

GC Heap History (10 events):
Event: 2.976 GC heap before
{Heap before GC invocations=2 (full 0):
 PSYoungGen      total 75776K, used 70747K [0x00000000d5580000, 0x00000000daa00000, 0x0000000100000000)
  eden space 65024K, 100% used [0x00000000d5580000,0x00000000d9500000,0x00000000d9500000)
  from space 10752K, 53% used [0x00000000d9500000,0x00000000d9a96cd0,0x00000000d9f80000)
  to   space 10752K, 0% used [0x00000000d9f80000,0x00000000d9f80000,0x00000000daa00000)
 ParOldGen       total 173568K, used 8K [0x0000000080000000, 0x000000008a980000, 0x00000000d5580000)
  object space 173568K, 0% used [0x0000000080000000,0x0000000080002000,0x000000008a980000)
 Metaspace       used 14863K, capacity 15384K, committed 15744K, reserved 1062912K
  class space    used 1959K, capacity 2094K, committed 2176K, reserved 1048576K
Event: 2.990 GC heap after
Heap after GC invocations=2 (full 0):
 PSYoungGen      total 75776K, used 9237K [0x00000000d5580000, 0x00000000daa00000, 0x0000000100000000)
  eden space 65024K, 0% used [0x00000000d5580000,0x00000000d5580000,0x00000000d9500000)
  from space 10752K, 85% used [0x00000000d9f80000,0x00000000da885678,0x00000000daa00000)
  to   space 10752K, 0% used [0x00000000d9500000,0x00000000d9500000,0x00000000d9f80000)
 ParOldGen       total 173568K, used 16K [0x0000000080000000, 0x000000008a980000, 0x00000000d5580000)
  object space 173568K, 0% used [0x0000000080000000,0x0000000080004000,0x000000008a980000)
 Metaspace       used 14863K, capacity 15384K, committed 15744K, reserved 1062912K
  class space    used 1959K, capacity 2094K, committed 2176K, reserved 1048576K
}
Event: 4.242 GC heap before
{Heap before GC invocations=3 (full 0):
 PSYoungGen      total 75776K, used 74261K [0x00000000d5580000, 0x00000000daa00000, 0x0000000100000000)
  eden space 65024K, 100% used [0x00000000d5580000,0x00000000d9500000,0x00000000d9500000)
  from space 10752K, 85% used [0x00000000d9f80000,0x00000000da885678,0x00000000daa00000)
  to   space 10752K, 0% used [0x00000000d9500000,0x00000000d9500000,0x00000000d9f80000)
 ParOldGen       total 173568K, used 16K [0x0000000080000000, 0x000000008a980000, 0x00000000d5580000)
  object space 173568K, 0% used [0x0000000080000000,0x0000000080004000,0x000000008a980000)
 Metaspace       used 20167K, capacity 20846K, committed 20992K, reserved 1067008K
  class space    used 2817K, capacity 3023K, committed 3072K, reserved 1048576K
Event: 4.272 GC heap after
Heap after GC invocations=3 (full 0):
 PSYoungGen      total 75776K, used 10740K [0x00000000d5580000, 0x00000000de980000, 0x0000000100000000)
  eden space 65024K, 0% used [0x00000000d5580000,0x00000000d5580000,0x00000000d9500000)
  from space 10752K, 99% used [0x00000000d9500000,0x00000000d9f7d110,0x00000000d9f80000)
  to   space 10752K, 0% used [0x00000000ddf00000,0x00000000ddf00000,0x00000000de980000)
 ParOldGen       total 173568K, used 1094K [0x0000000080000000, 0x000000008a980000, 0x00000000d5580000)
  object space 173568K, 0% used [0x0000000080000000,0x0000000080111af8,0x000000008a980000)
 Metaspace       used 20167K, capacity 20846K, committed 20992K, reserved 1067008K
  class space    used 2817K, capacity 3023K, committed 3072K, reserved 1048576K
}
Event: 4.348 GC heap before
{Heap before GC invocations=4 (full 0):
 PSYoungGen      total 75776K, used 16714K [0x00000000d5580000, 0x00000000de980000, 0x0000000100000000)
  eden space 65024K, 9% used [0x00000000d5580000,0x00000000d5b55a68,0x00000000d9500000)
  from space 10752K, 99% used [0x00000000d9500000,0x00000000d9f7d110,0x00000000d9f80000)
  to   space 10752K, 0% used [0x00000000ddf00000,0x00000000ddf00000,0x00000000de980000)
 ParOldGen       total 173568K, used 1094K [0x0000000080000000, 0x000000008a980000, 0x00000000d5580000)
  object space 173568K, 0% used [0x0000000080000000,0x0000000080111af8,0x000000008a980000)
 Metaspace       used 20527K, capacity 21236K, committed 21296K, reserved 1067008K
  class space    used 2871K, capacity 3088K, committed 3120K, reserved 1048576K
Event: 4.355 GC heap after
Heap after GC invocations=4 (full 0):
 PSYoungGen      total 140800K, used 7342K [0x00000000d5580000, 0x00000000de980000, 0x0000000100000000)
  eden space 130048K, 0% used [0x00000000d5580000,0x00000000d5580000,0x00000000dd480000)
  from space 10752K, 68% used [0x00000000ddf00000,0x00000000de62b9e0,0x00000000de980000)
  to   space 10752K, 0% used [0x00000000dd480000,0x00000000dd480000,0x00000000ddf00000)
 ParOldGen       total 173568K, used 1102K [0x0000000080000000, 0x000000008a980000, 0x00000000d5580000)
  object space 173568K, 0% used [0x0000000080000000,0x0000000080113af8,0x000000008a980000)
 Metaspace       used 20527K, capacity 21236K, committed 21296K, reserved 1067008K
  class space    used 2871K, capacity 3088K, committed 3120K, reserved 1048576K
}
Event: 4.355 GC heap before
{Heap before GC invocations=5 (full 1):
 PSYoungGen      total 140800K, used 7342K [0x00000000d5580000, 0x00000000de980000, 0x0000000100000000)
  eden space 130048K, 0% used [0x00000000d5580000,0x00000000d5580000,0x00000000dd480000)
  from space 10752K, 68% used [0x00000000ddf00000,0x00000000de62b9e0,0x00000000de980000)
  to   space 10752K, 0% used [0x00000000dd480000,0x00000000dd480000,0x00000000ddf00000)
 ParOldGen       total 173568K, used 1102K [0x0000000080000000, 0x000000008a980000, 0x00000000d5580000)
  object space 173568K, 0% used [0x0000000080000000,0x0000000080113af8,0x000000008a980000)
 Metaspace       used 20527K, capacity 21236K, committed 21296K, reserved 1067008K
  class space    used 2871K, capacity 3088K, committed 3120K, reserved 1048576K
Event: 4.403 GC heap after
Heap after GC invocations=5 (full 1):
 PSYoungGen      total 140800K, used 0K [0x00000000d5580000, 0x00000000de980000, 0x0000000100000000)
  eden space 130048K, 0% used [0x00000000d5580000,0x00000000d5580000,0x00000000dd480000)
  from space 10752K, 0% used [0x00000000ddf00000,0x00000000ddf00000,0x00000000de980000)
  to   space 10752K, 0% used [0x00000000dd480000,0x00000000dd480000,0x00000000ddf00000)
 ParOldGen       total 91648K, used 7214K [0x0000000080000000, 0x0000000085980000, 0x00000000d5580000)
  object space 91648K, 7% used [0x0000000080000000,0x000000008070b820,0x0000000085980000)
 Metaspace       used 20527K, capacity 21236K, committed 21296K, reserved 1067008K
  class space    used 2871K, capacity 3088K, committed 3120K, reserved 1048576K
}
Event: 5.818 GC heap before
{Heap before GC invocations=6 (full 1):
 PSYoungGen      total 140800K, used 130048K [0x00000000d5580000, 0x00000000de980000, 0x0000000100000000)
  eden space 130048K, 100% used [0x00000000d5580000,0x00000000dd480000,0x00000000dd480000)
  from space 10752K, 0% used [0x00000000ddf00000,0x00000000ddf00000,0x00000000de980000)
  to   space 10752K, 0% used [0x00000000dd480000,0x00000000dd480000,0x00000000ddf00000)
 ParOldGen       total 91648K, used 7214K [0x0000000080000000, 0x0000000085980000, 0x00000000d5580000)
  object space 91648K, 7% used [0x0000000080000000,0x000000008070b820,0x0000000085980000)
 Metaspace       used 31975K, capacity 32792K, committed 33072K, reserved 1077248K
  class space    used 4353K, capacity 4610K, committed 4656K, reserved 1048576K
Event: 5.834 GC heap after
Heap after GC invocations=6 (full 1):
 PSYoungGen      total 140800K, used 10724K [0x00000000d5580000, 0x00000000e4b00000, 0x0000000100000000)
  eden space 130048K, 0% used [0x00000000d5580000,0x00000000d5580000,0x00000000dd480000)
  from space 10752K, 99% used [0x00000000dd480000,0x00000000ddef9260,0x00000000ddf00000)
  to   space 15360K, 0% used [0x00000000e3c00000,0x00000000e3c00000,0x00000000e4b00000)
 ParOldGen       total 91648K, used 9585K [0x0000000080000000, 0x0000000085980000, 0x00000000d5580000)
  object space 91648K, 10% used [0x0000000080000000,0x000000008095c790,0x0000000085980000)
 Metaspace       used 31975K, capacity 32792K, committed 33072K, reserved 1077248K
  class space    used 4353K, capacity 4610K, committed 4656K, reserved 1048576K
}

Deoptimization events (10 events):
Event: 5.074 Thread 0x000000001acc1800 Uncommon trap: reason=class_check action=maybe_recompile pc=0x0000000002d969d0 method=sun.misc.URLClassPath.getLoader(I)Lsun/misc/URLClassPath$Loader; @ 239
Event: 5.074 Thread 0x000000001acc1800 Uncommon trap: reason=unstable_if action=reinterpret pc=0x0000000002bb61ac method=java.lang.String.regionMatches(ZILjava/lang/String;II)Z @ 41
Event: 5.086 Thread 0x000000001acc1800 Uncommon trap: reason=class_check action=maybe_recompile pc=0x0000000002d969d0 method=sun.misc.URLClassPath.getLoader(I)Lsun/misc/URLClassPath$Loader; @ 239
Event: 5.329 Thread 0x000000001acc1800 Uncommon trap: reason=unstable_if action=reinterpret pc=0x00000000028dad4c method=java.util.HashMap.getNode(ILjava/lang/Object;)Ljava/util/HashMap$Node; @ 53
Event: 5.329 Thread 0x000000001acc1800 Uncommon trap: reason=unstable_if action=reinterpret pc=0x0000000002b2d538 method=java.util.HashMap.hash(Ljava/lang/Object;)I @ 1
Event: 5.405 Thread 0x000000001acc1800 Uncommon trap: reason=unstable_if action=reinterpret pc=0x0000000002f45178 method=org.gradle.internal.reflect.PropertyAccessorType.isGetGetterName(Ljava/lang/String;)Z @ 14
Event: 5.433 Thread 0x000000001acc1800 Uncommon trap: reason=unstable_if action=reinterpret pc=0x0000000002d49900 method=org.objectweb.asm.ByteVector.putShort(I)Lorg/objectweb/asm/ByteVector; @ 13
Event: 5.519 Thread 0x000000001acc1800 Uncommon trap: reason=class_check action=maybe_recompile pc=0x0000000002d95ec4 method=sun.misc.URLClassPath.getLoader(I)Lsun/misc/URLClassPath$Loader; @ 94
Event: 5.841 Thread 0x0000000017269000 Uncommon trap: reason=unstable_if action=reinterpret pc=0x0000000002c9e4bc method=java.lang.ref.Reference.tryHandlePending(Z)Z @ 104
Event: 6.045 Thread 0x000000001acc1800 Uncommon trap: reason=unstable_if action=reinterpret pc=0x0000000002faaca0 method=java.net.URI.match(CJJ)Z @ 45

Classes redefined (0 events):
No events

Internal exceptions (10 events):
Event: 5.738 Thread 0x000000001acc1800 Exception <a 'java/lang/ClassNotFoundException': org/gradle/api/internal/DefaultDomainObjectCollectionCustomizer> (0x00000000dcdec4f0) thrown at [C:\src\AOSP-openjdk-git\hotspot\src\share\vm\classfile\systemDictionary.cpp, line 210]
Event: 5.741 Thread 0x000000001acc1800 Exception <a 'java/lang/ClassNotFoundException': org/gradle/api/internal/DefaultNamedDomainObjectCollectionCustomizer> (0x00000000dce4be80) thrown at [C:\src\AOSP-openjdk-git\hotspot\src\share\vm\classfile\systemDictionary.cpp, line 210]
Event: 5.747 Thread 0x000000001acc1800 Exception <a 'java/lang/ClassNotFoundException': org/gradle/api/internal/DefaultNamedDomainObjectListCustomizer> (0x00000000dcec2120) thrown at [C:\src\AOSP-openjdk-git\hotspot\src\share\vm\classfile\systemDictionary.cpp, line 210]
Event: 5.751 Thread 0x000000001acc1800 Exception <a 'java/lang/ClassNotFoundException': org/gradle/api/internal/artifacts/DefaultArtifactRepositoryContainerCustomizer> (0x00000000dcf39b28) thrown at [C:\src\AOSP-openjdk-git\hotspot\src\share\vm\classfile\systemDictionary.cpp, line 210]
Event: 5.754 Thread 0x000000001acc1800 Exception <a 'java/lang/ClassNotFoundException': org/gradle/api/internal/artifacts/dsl/DefaultRepositoryHandlerCustomizer> (0x00000000dcfa18b0) thrown at [C:\src\AOSP-openjdk-git\hotspot\src\share\vm\classfile\systemDictionary.cpp, line 210]
Event: 5.761 Thread 0x000000001acc1800 Exception <a 'java/lang/ClassNotFoundException': org/gradle/api/internal/artifacts/dsl/DefaultRepositoryHandler_DecoratedCustomizer> (0x00000000dd01fef8) thrown at [C:\src\AOSP-openjdk-git\hotspot\src\share\vm\classfile\systemDictionary.cpp, line 210]
Event: 6.020 Thread 0x000000001acc1800 Exception <a 'java/lang/ClassNotFoundException': org/gradle/api/internal/artifacts/dsl/dependencies/DefaultDependencyHandler_DecoratedBeanInfo> (0x00000000d60cca40) thrown at [C:\src\AOSP-openjdk-git\hotspot\src\share\vm\classfile\systemDictionary.cpp, li
Event: 6.021 Thread 0x000000001acc1800 Exception <a 'java/lang/ClassNotFoundException': org/gradle/api/internal/artifacts/dsl/dependencies/DefaultDependencyHandlerBeanInfo> (0x00000000d6127cd0) thrown at [C:\src\AOSP-openjdk-git\hotspot\src\share\vm\classfile\systemDictionary.cpp, line 210]
Event: 6.022 Thread 0x000000001acc1800 Exception <a 'java/lang/ClassNotFoundException': org/gradle/api/internal/artifacts/dsl/dependencies/DefaultDependencyHandlerCustomizer> (0x00000000d6183e98) thrown at [C:\src\AOSP-openjdk-git\hotspot\src\share\vm\classfile\systemDictionary.cpp, line 210]
Event: 6.024 Thread 0x000000001acc1800 Exception <a 'java/lang/ClassNotFoundException': org/gradle/api/internal/artifacts/dsl/dependencies/DefaultDependencyHandler_DecoratedCustomizer> (0x00000000d62117f8) thrown at [C:\src\AOSP-openjdk-git\hotspot\src\share\vm\classfile\systemDictionary.cpp, 

Events (10 events):
Event: 6.093 loading class org/gradle/api/internal/artifacts/ivyservice/resolveengine/graph/conflicts/UpgradeCapabilityResolver
Event: 6.093 loading class org/gradle/api/internal/artifacts/ivyservice/resolveengine/graph/conflicts/UpgradeCapabilityResolver done
Event: 6.095 loading class org/gradle/api/internal/artifacts/ivyservice/resolutionstrategy/DefaultResolutionStrategy
Event: 6.095 loading class org/gradle/api/internal/artifacts/ivyservice/resolutionstrategy/DefaultResolutionStrategy done
Event: 6.097 loading class org/gradle/api/artifacts/ComponentSelectionRules
Event: 6.097 loading class org/gradle/api/artifacts/ComponentSelectionRules done
Event: 6.098 loading class org/gradle/api/internal/artifacts/configurations/dynamicversion/CachePolicy
Event: 6.098 loading class org/gradle/api/internal/artifacts/configurations/dynamicversion/CachePolicy done
Event: 6.098 loading class org/gradle/api/internal/artifacts/ComponentSelectionRulesInternal
Event: 6.098 loading class org/gradle/api/internal/artifacts/ComponentSelectionRulesInternal done


Dynamic libraries:
0x00007ff67ef20000 - 0x00007ff67ef51000 	D:\Program Files\Android\Android Studio\jre\bin\java.exe
0x00007ffb30aa0000 - 0x00007ffb30c90000 	C:\WINDOWS\SYSTEM32\ntdll.dll
0x00007ffb2ed00000 - 0x00007ffb2edb2000 	C:\WINDOWS\System32\KERNEL32.DLL
0x00007ffb2e700000 - 0x00007ffb2e9a5000 	C:\WINDOWS\System32\KERNELBASE.dll
0x00007ffb303c0000 - 0x00007ffb30463000 	C:\WINDOWS\System32\ADVAPI32.dll
0x00007ffb2fa70000 - 0x00007ffb2fb0e000 	C:\WINDOWS\System32\msvcrt.dll
0x00007ffb2fd50000 - 0x00007ffb2fde7000 	C:\WINDOWS\System32\sechost.dll
0x00007ffb2ebd0000 - 0x00007ffb2ecf0000 	C:\WINDOWS\System32\RPCRT4.dll
0x00007ffb2f170000 - 0x00007ffb2f304000 	C:\WINDOWS\System32\USER32.dll
0x00007ffb2e520000 - 0x00007ffb2e541000 	C:\WINDOWS\System32\win32u.dll
0x00007ffb2fd20000 - 0x00007ffb2fd46000 	C:\WINDOWS\System32\GDI32.dll
0x00007ffb2e9b0000 - 0x00007ffb2eb46000 	C:\WINDOWS\System32\gdi32full.dll
0x00007ffb2e580000 - 0x00007ffb2e61e000 	C:\WINDOWS\System32\msvcp_win.dll
0x00007ffb2e1b0000 - 0x00007ffb2e2aa000 	C:\WINDOWS\System32\ucrtbase.dll
0x00007ffb1ac40000 - 0x00007ffb1aec4000 	C:\WINDOWS\WinSxS\amd64_microsoft.windows.common-controls_6595b64144ccf1df_6.0.18362.1139_none_9e7bf2d3e4605ac6\COMCTL32.dll
0x00007ffb2ff30000 - 0x00007ffb30265000 	C:\WINDOWS\System32\combase.dll
0x00007ffb2e620000 - 0x00007ffb2e6a0000 	C:\WINDOWS\System32\bcryptPrimitives.dll
0x00007ffb30a30000 - 0x00007ffb30a5e000 	C:\WINDOWS\System32\IMM32.DLL
0x00000000629e0000 - 0x0000000062ab2000 	D:\Program Files\Android\Android Studio\jre\jre\bin\msvcr100.dll
0x0000000065180000 - 0x00000000659cb000 	D:\Program Files\Android\Android Studio\jre\jre\bin\server\jvm.dll
0x00007ffb303b0000 - 0x00007ffb303b8000 	C:\WINDOWS\System32\PSAPI.DLL
0x00007ffb15690000 - 0x00007ffb15699000 	C:\WINDOWS\SYSTEM32\WSOCK32.dll
0x00007ffb2f310000 - 0x00007ffb2f37f000 	C:\WINDOWS\System32\WS2_32.dll
0x00007ffb29120000 - 0x00007ffb29144000 	C:\WINDOWS\SYSTEM32\WINMM.dll
0x00007ffb25460000 - 0x00007ffb2546a000 	C:\WINDOWS\SYSTEM32\VERSION.dll
0x00007ffb290f0000 - 0x00007ffb2911d000 	C:\WINDOWS\SYSTEM32\WINMMBASE.dll
0x00007ffb2e2b0000 - 0x00007ffb2e2fa000 	C:\WINDOWS\System32\cfgmgr32.dll
0x00007ffb2a030000 - 0x00007ffb2a03f000 	D:\Program Files\Android\Android Studio\jre\jre\bin\verify.dll
0x00007ffb26d50000 - 0x00007ffb26d79000 	D:\Program Files\Android\Android Studio\jre\jre\bin\java.dll
0x00007ffb27930000 - 0x00007ffb27946000 	D:\Program Files\Android\Android Studio\jre\jre\bin\zip.dll
0x00007ffb2f380000 - 0x00007ffb2fa67000 	C:\WINDOWS\System32\SHELL32.dll
0x00007ffb2fc70000 - 0x00007ffb2fd19000 	C:\WINDOWS\System32\shcore.dll
0x00007ffb2da30000 - 0x00007ffb2e1b0000 	C:\WINDOWS\System32\windows.storage.dll
0x00007ffb2da00000 - 0x00007ffb2da23000 	C:\WINDOWS\System32\profapi.dll
0x00007ffb2d9b0000 - 0x00007ffb2d9fa000 	C:\WINDOWS\System32\powrprof.dll
0x00007ffb2d960000 - 0x00007ffb2d970000 	C:\WINDOWS\System32\UMPDC.dll
0x00007ffb2fe00000 - 0x00007ffb2fe52000 	C:\WINDOWS\System32\shlwapi.dll
0x00007ffb2d970000 - 0x00007ffb2d981000 	C:\WINDOWS\System32\kernel.appcore.dll
0x00007ffb2e300000 - 0x00007ffb2e317000 	C:\WINDOWS\System32\cryptsp.dll
0x00007ffb1e010000 - 0x00007ffb1e02a000 	D:\Program Files\Android\Android Studio\jre\jre\bin\net.dll
0x00007ffb2d1b0000 - 0x00007ffb2d217000 	C:\WINDOWS\system32\mswsock.dll
0x00007ffb1aae0000 - 0x00007ffb1aaf3000 	D:\Program Files\Android\Android Studio\jre\jre\bin\nio.dll
0x00007ffb18b00000 - 0x00007ffb18b26000 	C:\Users\amusu\.gradle\native\31\windows-amd64\native-platform.dll
0x00007ffb28c10000 - 0x00007ffb28c1d000 	D:\Program Files\Android\Android Studio\jre\jre\bin\management.dll
0x00007ffb2cd20000 - 0x00007ffb2cd53000 	C:\WINDOWS\system32\rsaenh.dll
0x00007ffb2e550000 - 0x00007ffb2e576000 	C:\WINDOWS\System32\bcrypt.dll
0x00007ffb2d840000 - 0x00007ffb2d865000 	C:\WINDOWS\SYSTEM32\USERENV.dll
0x00007ffb2d380000 - 0x00007ffb2d38c000 	C:\WINDOWS\SYSTEM32\CRYPTBASE.dll
0x00007ffb2cec0000 - 0x00007ffb2cefa000 	C:\WINDOWS\SYSTEM32\IPHLPAPI.DLL
0x00007ffb2ecf0000 - 0x00007ffb2ecf8000 	C:\WINDOWS\System32\NSI.dll
0x00007ffb1f8d0000 - 0x00007ffb1f8e6000 	C:\WINDOWS\SYSTEM32\dhcpcsvc6.DLL
0x00007ffb1f8b0000 - 0x00007ffb1f8cc000 	C:\WINDOWS\SYSTEM32\dhcpcsvc.DLL
0x00007ffb2cf00000 - 0x00007ffb2cfcb000 	C:\WINDOWS\SYSTEM32\DNSAPI.dll

VM Arguments:
jvm_args: -Xmx2048m -Dfile.encoding=windows-1252 -Duser.country=CN -Duser.language=zh -Duser.variant 
java_command: org.gradle.launcher.daemon.bootstrap.GradleDaemon 6.1.1
java_class_path (initial): C:\Users\amusu\.gradle\wrapper\dists\gradle-6.1.1-all\cfmwm155h49vnt3hynmlrsdst\gradle-6.1.1\lib\gradle-launcher-6.1.1.jar
Launcher Type: SUN_STANDARD

Environment Variables:
JAVA_HOME=D:\Program Files\AdoptOpenJDK\jdk-11.0.8.10-hotspot\
CLASSPATH=.;D:\Program Files\AdoptOpenJDK\jdk-11.0.8.10-hotspot\\lib\dt.jar;D:\Program Files\AdoptOpenJDK\jdk-11.0.8.10-hotspot\\lib\tools.jar;D:\Program Files\AdoptOpenJDK\jdk-11.0.8.10-hotspot\\lib;D:\Program Files\AdoptOpenJDK\jdk-11.0.8.10-hotspot\
PATH=D:\Program Files\AdoptOpenJDK\jdk-11.0.8.10-hotspot\\bin;C:\Python38\Scripts\;C:\Python38\;C:\Program Files;C:\Program Files\Intel\WiFi\bin\;C:\Program Files\Common Files\Intel\WirelessCommon\;D:\Program Files\nodejs\;C:\ProgramData\chocolatey\bin;C:\WINDOWS\system32;C:\WINDOWS;C:\WINDOWS\System32\Wbem;C:\WINDOWS\System32\WindowsPowerShell\v1.0\;C:\WINDOWS\System32\OpenSSH\;";C:\Windows\System32";D:\Program Files\Git\cmd;D:\Program Files\AdoptOpenJDK\openjfx-11.0.2_windows-x64_bin-sdk\javafx-sdk-11.0.2\\bin;D:\AC_Study\Level_4\CST8277\Labs\Lab_01\apache-maven-3.6.1-bin\apache-maven-3.6.1\bin;C:\Users\amusu\AppData\Local\Microsoft\WindowsApps;D:\Program Files\AdoptOpenJDK\jdk-11.0.8.10-hotspot\\bin;C:\Users\amusu\AppData\Roaming\npm;;D:\Program Files\Microsoft VS Code\bin
USERNAME=amusu
OS=Windows_NT
PROCESSOR_IDENTIFIER=Intel64 Family 6 Model 142 Stepping 9, GenuineIntel



---------------  S Y S T E M  ---------------

OS: Windows 10.0 , 64 bit Build 18362 (10.0.18362.1110)

CPU:total 4 (initial active 4) (2 cores per cpu, 2 threads per core) family 6 model 142 stepping 9, cmov, cx8, fxsr, mmx, sse, sse2, sse3, ssse3, sse4.1, sse4.2, popcnt, avx, avx2, aes, clmul, erms, 3dnowpref, lzcnt, ht, tsc, tscinvbit, bmi1, bmi2, adx

Memory: 4k page, physical 16643740k(4163852k free), swap 16643740k(5212k free)

vm_info: OpenJDK 64-Bit Server VM (25.242-b01) for windows-amd64 JRE (1.8.0_242-release-1644-b01), built by "builder" with MS VC++ 10.0 (VS2010)

time: Mon Nov 02 13:51:02 2020
timezone: 
elapsed time: 6 seconds (0d 0h 0m 6s)

